<?xml version="1.0" encoding="UTF-8" ?>
<testsuite tests="4" failures="0" name="TriangleWithCucumber.RunCucumberTest" time="0.596" errors="0" skipped="0">
  <properties>
[...]
</properties>
  <testcase classname="Perimeter in polygons" name="Perimeter of Triangle" time="0.168"/>
  <testcase classname="Triangles Area" name="A Equaleteral Triangle" time="0.004"/>
  <testcase classname="Triangles Area" name="A Different Triangle" time="0.004"/>
  <testcase classname="Triangles Area" name="Angle of that a Triangle" time="0.002"/>
</testsuite>